2025-12-18T09:05:28.890041-0700 INFO Starting token refresh...
2025-12-18T09:05:28.890041-0700 DEBUG Loaded secrets from schwab_secrets.json
2025-12-18T09:05:28.893640-0700 DEBUG Loaded secrets from schwab_auth_token.json
2025-12-18T09:05:30.913706-0700 DEBUG Refresh token response status=200
2025-12-18T09:05:30.913706-0700 DEBUG Updated schwab_auth_token.json successfully.
2025-12-18T09:05:30.913706-0700 DEBUG Loaded secrets from auth_status.json
2025-12-18T09:05:30.923785-0700 DEBUG Updated auth_status.json successfully.
2025-12-18T09:05:30.928907-0700 INFO Access/refresh tokens successfully refreshed and stored.
2025-12-18T09:05:30.953075-0700 DEBUG Loaded secrets from schwab_auth_token.json
2025-12-18T09:05:30.958083-0700 DEBUG Loaded secrets from schwab_auth_token.json
2025-12-18T09:05:31.996652-0700 DEBUG Loaded secrets from stock_news_api_token.json
2025-12-18T09:05:32.078342-0700 INFO Scanning for ten percent gainers
2025-12-18T09:05:32.079346-0700 DEBUG now_et: 11:05:32.078342
2025-12-18T09:05:32.080344-0700 DEBUG Fetching Equity movers (PERCENT_CHANGE_UP)
2025-12-18T09:05:33.331772-0700 DEBUG Creating Ten Percent Gainers List
2025-12-18T09:05:33.343146-0700 DEBUG ten_per_movers shape: (3, 9)
2025-12-18T09:05:33.353482-0700 DEBUG Loaded secrets from schwab_auth_token.json
2025-12-18T09:05:33.359370-0700 DEBUG Loaded secrets from schwab_auth_token.json
2025-12-18T09:05:34.545170-0700 DEBUG Loaded secrets from stock_news_api_token.json
2025-12-18T09:05:34.611725-0700 DEBUG ten_per_gainers:             description    volume lastPrice netChange marketShare totalVolume  trades netPercentChange symbol
0    CANOPY GROWTH CORP  71400989      2.29      0.37         1.3  5493759413   73136           0.1901    CGC
1  TRUMP MEDIA & TECHNO  58179766     14.17       3.7        1.06  5493759413  425994            0.353    DJT
2     ATHIRA PHARMA INC  49633489      7.26      3.13         0.9  5493759413  554080           0.7557   ATHA
2025-12-18T09:05:34.613726-0700 INFO Connecting to Gmail...
2025-12-18T09:05:46.678744-0700 DEBUG Loaded secrets from auth_status.json
2025-12-18T09:05:46.678744-0700 DEBUG Updated auth_status.json successfully.
2025-12-18T09:05:46.765740-0700 INFO Connected to Gmail.
2025-12-18T09:05:46.765740-0700 DEBUG Scanning Gmail for tickers…
2025-12-18T09:05:50.900909-0700 INFO New Email Subject: Alert: New symbol: EHTH was added to Ross_Momo_Custom.
2025-12-18T09:05:50.901965-0700 INFO New Email Subject: Alert: New symbol: EHTH was added to Ross_Momo_Custom.
2025-12-18T09:05:52.405674-0700 DEBUG gmail quotes shape: (11, 1)
2025-12-18T09:05:52.427673-0700 DEBUG No candidates yet; sleeping 15s
2025-12-18T09:05:53.436189-0700 INFO Ten_percent_gainers snapshot rows=4
2025-12-18T09:05:53.436189-0700 DEBUG Putting updated ten_percent_gainers on queue.
2025-12-18T09:05:53.436189-0700 DEBUG Scanning bot sleeping for ~3 min
2025-12-18T09:06:07.445294-0700 DEBUG Merged scan; candidates=4
2025-12-18T09:06:07.561011-0700 INFO Starting 180s session with 4 symbols
2025-12-18T09:06:20.921762-0700 ERROR Token refresh task was cancelled
2025-12-18T09:06:20.925221-0700 ERROR Scanning Bot Task was cancelled
2025-12-18T09:06:20.927479-0700 ERROR Trading Bot Task was cancelled
2025-12-18T09:06:20.927479-0700 INFO Task group was cancelled; shutting down.
2025-12-18T09:06:20.927479-0700 INFO Stopping script
